TN:
SF:/Users/bootcamp/Desktop/hb-javascript-test-101/script.js
FN:1,generateRandomNumber
FN:10,filterNegativeNumbers
FN:20,functionalFilterNegativeNumbers
FN:21,(anonymous_3)
FN:26,mapNumbersIntoStrings
FN:34,functionalMapNumbersIntoStrings
FN:35,(anonymous_6)
FN:40,printType
FN:45,isPalindrome
FN:56,(anonymous_9)
FN:60,(anonymous_10)
FN:63,(anonymous_11)
FN:68,printOutPersonAge
FNF:13
FNH:13
FNDA:1,generateRandomNumber
FNDA:1,filterNegativeNumbers
FNDA:1,functionalFilterNegativeNumbers
FNDA:5,(anonymous_3)
FNDA:1,mapNumbersIntoStrings
FNDA:1,functionalMapNumbersIntoStrings
FNDA:5,(anonymous_6)
FNDA:3,printType
FNDA:2,isPalindrome
FNDA:2,(anonymous_9)
FNDA:1,(anonymous_10)
FNDA:1,(anonymous_11)
FNDA:1,printOutPersonAge
DA:2,1
DA:7,1
DA:11,1
DA:12,1
DA:13,5
DA:14,3
DA:17,1
DA:21,1
DA:22,5
DA:27,1
DA:28,1
DA:29,5
DA:31,1
DA:35,1
DA:36,5
DA:41,3
DA:42,3
DA:46,2
DA:47,2
DA:48,2
DA:49,1
DA:51,1
DA:57,2
DA:58,2
DA:61,1
DA:64,1
DA:69,1
LF:27
LH:27
BRDA:13,0,0,3
BRDA:13,0,1,2
BRDA:48,1,0,1
BRDA:48,1,1,1
BRF:4
BRH:4
end_of_record
